{"C:\\Users\\Parnita\\Desktop\\Namaste Dev\\FoodOrderingApp\\src\\components\\Sum.js": {"path":"C:\\Users\\Parnita\\Desktop\\Namaste Dev\\FoodOrderingApp\\src\\components\\Sum.js","statementMap":{"0":{"start":{"line":1,"column":19},"end":{"line":3,"column":1}},"1":{"start":{"line":2,"column":2},"end":{"line":2,"column":15}}},"fnMap":{"0":{"name":"(anonymous_0)","decl":{"start":{"line":1,"column":19},"end":{"line":1,"column":20}},"loc":{"start":{"line":1,"column":29},"end":{"line":3,"column":1}},"line":1}},"branchMap":{},"s":{"0":1,"1":1},"f":{"0":1},"b":{},"_coverageSchema":"1a1c01bbd47fc00a2c39e90264f33305004495a9","hash":"dc9c1d95d44cd77b4f1dc5e4c755adb86e5a33f9"}
}
